            --------------------------------------------------------
                             AMBER SQM VERSION 19
 
                                     By
              Ross C. Walker, Michael F. Crowley, Scott Brozell,
                         Tim Giese, Andreas W. Goetz,
                        Tai-Sung Lee and David A. Case
 
            --------------------------------------------------------
 

--------------------------------------------------------------------------------
  QM CALCULATION INFO
--------------------------------------------------------------------------------

| QMMM: Citation for AMBER QMMM Run:
| QMMM: R.C. Walker, M.F. Crowley and D.A. Case, J. COMP. CHEM. 29:1019, 2008

QMMM: SINGLET STATE CALCULATION
QMMM: RHF CALCULATION, NO. OF DOUBLY OCCUPIED LEVELS =115

| QMMM: *** Selected Hamiltonian *** 
| QMMM: AM1         

| QMMM: *** Parameter sets in use ***
| QMMM: Cl: M.J.S.DEWAR et al. THEOCHEM, 180, 1, (1988)
| QMMM: C : M.J.S.DEWAR et al. JACS, 107, 3902, (1985)
| QMMM: N : M.J.S.DEWAR et al. JACS, 107, 3902, (1985)
| QMMM: O : M.J.S.DEWAR et al. JACS, 107, 3902, (1985)
| QMMM: H : M.J.S.DEWAR et al. JACS, 107, 3902, (1985)

| QMMM: *** SCF convergence criteria ***
| QMMM: Energy change                :  0.1D-09 kcal/mol
| QMMM: Error matrix |FP-PF|         :  0.1D+00 au
| QMMM: Density matrix change        :  0.5D-06
| QMMM: Maximum number of SCF cycles :     1000

| QMMM: *** Diagonalization Routine Information ***
| QMMM: Pseudo diagonalizations are allowed.
| QMMM: Auto diagonalization routine selection is in use.
| QMMM:
| QMMM: Timing diagonalization routines:
| QMMM:                              norbs =      212
| QMMM:    diag iterations used for timing =        4
| QMMM:
| QMMM:              Internal diag routine = 0.082597 seconds
| QMMM:                 Dspev diag routine = 0.071721 seconds
| QMMM:                Dspevd diag routine = 0.040589 seconds
| QMMM:                Dspevx diag routine = 0.164296 seconds
| QMMM:                 Dsyev diag routine = 0.070849 seconds
| QMMM:                Dsyevd diag routine = 0.026939 seconds
| QMMM:                Dsyevr diag routine = 0.038306 seconds
| QMMM:
| QMMM:                Pseudo diag routine = 0.051736 seconds
| QMMM: Pseudo diagonalization appears to be slower than regular
| QMMM: diagonalization. Setting pseudo_diag=0 for optimum performance.
| QMMM:
| QMMM: Using dsyevd routine (diag_routine=6).

  QMMM: QM Region Cartesian Coordinates (*=link atom) 
  QMMM: QM_NO.   MM_NO.  ATOM         X         Y         Z
  QMMM:     1        1      Cl      -0.0590   -4.3210  -24.9700
  QMMM:     2        2      C       -1.2760   -6.8810  -30.1770
  QMMM:     3        3      N        9.6730   -3.4690  -30.6620
  QMMM:     4        4      O        1.1410   -5.6460  -27.1920
  QMMM:     5        5      C       -0.2080   -5.8840  -30.5480
  QMMM:     6        6      N        4.0730   -5.2600  -22.2160
  QMMM:     7        7      O        5.7410   -5.3800  -25.4910
  QMMM:     8        8      C        0.6380   -5.4280  -29.5340
  QMMM:     9        9      O        3.7760   -7.9100  -20.1590
  QMMM:    10       10      C        0.4620   -6.0640  -28.2080
  QMMM:    11       11      O        1.4440   -4.2300  -20.2220
  QMMM:    12       12      C        2.0990   -5.3410  -26.3600
  QMMM:    13       13      O        1.9280   -6.2910  -20.9900
  QMMM:    14       14      C        3.4440   -5.5680  -26.4960
  QMMM:    15       15      O       -4.0290   -6.9830  -35.4050
  QMMM:    16       16      C        4.3870   -5.2710  -25.5720
  QMMM:    17       17      O       -4.5300   -5.0390  -33.5290
  QMMM:    18       18      C        6.8530   -5.7930  -25.8970
  QMMM:    19       19      C        7.7630   -6.0220  -26.9970
  QMMM:    20       20      C        8.5810   -7.1930  -26.9520
  QMMM:    21       21      C        9.6100   -7.3310  -27.8360
  QMMM:    22       22      C        9.8450   -6.3830  -28.7500
  QMMM:    23       23      C        9.0960   -5.2200  -28.8610
  QMMM:    24       24      C        9.4110   -4.2610  -29.8290
  QMMM:    25       25      C        8.0330   -5.0700  -27.9420
  QMMM:    26       26      C        3.8710   -4.6900  -24.3940
  QMMM:    27       27      C        4.7990   -4.5650  -23.1970
  QMMM:    28       28      C        4.2610   -6.6980  -22.1940
  QMMM:    29       29      C        4.6130   -6.9940  -20.7430
  QMMM:    30       30      C        4.6770   -5.6450  -20.1040
  QMMM:    31       31      C        3.7350   -4.7880  -21.0000
  QMMM:    32       32      C        2.3070   -5.1320  -20.7210
  QMMM:    33       33      C        2.5600   -4.4160  -24.1960
  QMMM:    34       34      C        1.6150   -4.7200  -25.1590
  QMMM:    35       35      C        1.6150   -4.5130  -29.7730
  QMMM:    36       36      C        1.7470   -4.0420  -31.0840
  QMMM:    37       37      C        0.9350   -4.4750  -32.0960
  QMMM:    38       38      C       -0.0450   -5.4040  -31.8040
  QMMM:    39       39      C       -1.0280   -5.8260  -32.8130
  QMMM:    40       40      C       -2.2900   -5.2360  -32.7270
  QMMM:    41       41      C       -3.2660   -5.6350  -33.5990
  QMMM:    42       42      C       -2.9940   -6.6080  -34.5270
  QMMM:    43       43      C       -4.9910   -5.9520  -35.6970
  QMMM:    44       44      C       -5.5720   -5.4700  -34.4040
  QMMM:    45       45      C       -1.7490   -7.1960  -34.6080
  QMMM:    46       46      C       -0.7440   -6.7820  -33.7250
  QMMM:    47       47      H        0.7020   -7.1200  -28.3320
  QMMM:    48       48      H       -0.5940   -5.9950  -27.9480
  QMMM:    49       49      H        3.7790   -6.0220  -27.4170
  QMMM:    50       50      H        7.3730   -6.1380  -25.0150
  QMMM:    51       51      H        8.3850   -7.9640  -26.2220
  QMMM:    52       52      H       10.2380   -8.2090  -27.7980
  QMMM:    53       53      H       10.6630   -6.5310  -29.4400
  QMMM:    54       54      H        7.4190   -4.1830  -27.9870
  QMMM:    55       55      H        5.7580   -4.0740  -23.1210
  QMMM:    56       56      H        3.3460   -7.2140  -22.4850
  QMMM:    57       57      H        5.0830   -6.9840  -22.8500
  QMMM:    58       58      H        5.6190   -7.4120  -20.7280
  QMMM:    59       59      H        4.3150   -5.6810  -19.0770
  QMMM:    60       60      H        5.6940   -5.2550  -20.1370
  QMMM:    61       61      H        3.9300   -3.7200  -20.9020
  QMMM:    62       62      H        2.2470   -3.9530  -23.2720
  QMMM:    63       63      H        2.2630   -4.1640  -28.9830
  QMMM:    64       64      H        2.5140   -3.3140  -31.3040
  QMMM:    65       65      H        1.0570   -4.0990  -33.1010
  QMMM:    66       66      H       -2.4930   -4.4780  -31.9850
  QMMM:    67       67      H       -5.2490   -5.5890  -36.6810
  QMMM:    68       68      H       -6.6260   -5.4510  -34.1680
  QMMM:    69       69      H       -1.5520   -7.9640  -35.3410
  QMMM:    70       70      H        0.2420   -7.2200  -33.7720
  QMMM:    71       71      H        2.9540   -7.9540  -20.6530
  QMMM:    72       72      H       -1.8830   -7.1070  -31.0540
  QMMM:    73       73      H       -1.9090   -6.4610  -29.3960
  QMMM:    74       74      H       -0.8080   -7.7960  -29.8130

--------------------------------------------------------------------------------
  RESULTS
--------------------------------------------------------------------------------

      iter         sqm energy              rms gradient
      ----    -------------------    -----------------------
xmin    10      179.7197 kcal/mol        3.0937 kcal/(mol*A)
xmin    20      145.3597 kcal/mol        2.2012 kcal/(mol*A)
xmin    30      132.5861 kcal/mol        1.1944 kcal/(mol*A)
xmin    40      128.8555 kcal/mol        0.7289 kcal/(mol*A)
xmin    50      127.6778 kcal/mol        0.4734 kcal/(mol*A)
xmin    60      127.1110 kcal/mol        1.1543 kcal/(mol*A)
xmin    70      126.6701 kcal/mol        0.3649 kcal/(mol*A)
xmin    80      126.5458 kcal/mol        0.1645 kcal/(mol*A)
xmin    90      126.4808 kcal/mol        0.1516 kcal/(mol*A)
xmin   100      126.4059 kcal/mol        0.0855 kcal/(mol*A)
xmin   110      126.2647 kcal/mol        0.5673 kcal/(mol*A)
xmin   120      126.1514 kcal/mol        0.1984 kcal/(mol*A)
xmin   130      126.1281 kcal/mol        0.0565 kcal/(mol*A)
xmin   140      126.1134 kcal/mol        0.0501 kcal/(mol*A)
xmin   150      126.0983 kcal/mol        0.0518 kcal/(mol*A)
xmin   160      126.0896 kcal/mol        0.0846 kcal/(mol*A)
xmin   170      126.0787 kcal/mol        0.0252 kcal/(mol*A)
xmin   180      126.0650 kcal/mol        0.0830 kcal/(mol*A)
xmin   190      126.0351 kcal/mol        0.0876 kcal/(mol*A)
xmin   200      126.0006 kcal/mol        0.0612 kcal/(mol*A)
xmin   210      125.9324 kcal/mol        0.1706 kcal/(mol*A)
xmin   220      125.9064 kcal/mol        0.0436 kcal/(mol*A)
xmin   230      125.8955 kcal/mol        0.0459 kcal/(mol*A)
xmin   240      125.8893 kcal/mol        0.0264 kcal/(mol*A)
xmin   250      125.8814 kcal/mol        0.0274 kcal/(mol*A)
xmin   260      125.8683 kcal/mol        0.0289 kcal/(mol*A)
xmin   270      125.8596 kcal/mol        0.0255 kcal/(mol*A)
xmin   280      125.8512 kcal/mol        0.0371 kcal/(mol*A)
xmin   290      125.8440 kcal/mol        0.0444 kcal/(mol*A)
xmin   300      125.8408 kcal/mol        0.0176 kcal/(mol*A)
xmin   310      125.8379 kcal/mol        0.0281 kcal/(mol*A)
xmin   320      125.8352 kcal/mol        0.0507 kcal/(mol*A)
xmin   330      125.8339 kcal/mol        0.0123 kcal/(mol*A)
xmin   340      125.8335 kcal/mol        0.0260 kcal/(mol*A)
xmin   350      125.8331 kcal/mol        0.0112 kcal/(mol*A)
xmin   360      125.8329 kcal/mol        0.0096 kcal/(mol*A)
xmin   370      125.8327 kcal/mol        0.0045 kcal/(mol*A)
xmin   380      125.8326 kcal/mol        0.0072 kcal/(mol*A)
xmin   390      125.8326 kcal/mol        0.0037 kcal/(mol*A)
xmin   400      125.8326 kcal/mol        0.0022 kcal/(mol*A)
xmin   410      125.8325 kcal/mol        0.0069 kcal/(mol*A)
xmin   420      125.8325 kcal/mol        0.0017 kcal/(mol*A)
xmin   430      125.8325 kcal/mol        0.0016 kcal/(mol*A)
xmin   440      125.8324 kcal/mol        0.0046 kcal/(mol*A)
xmin   450      125.8324 kcal/mol        0.0033 kcal/(mol*A)
xmin   460      125.8324 kcal/mol        0.0012 kcal/(mol*A)
xmin   470      125.8324 kcal/mol        0.0012 kcal/(mol*A)
  ... geometry converged !
 
 Final MO eigenvalues (eV):
 -46.0869  -44.3348  -43.8077  -43.2976  -43.1606  -43.0394  -42.0205  -41.9603
 -40.9082  -40.5052  -40.1373  -39.8094  -39.4573  -39.3958  -37.3437  -36.3597
 -36.0478  -35.5294  -35.0798  -34.6715  -33.8276  -32.8571  -32.6223  -32.1494
 -31.2878  -30.8786  -29.6031  -29.1227  -28.7219  -28.4346  -27.9940  -26.6408
 -26.4884  -26.0146  -25.5577  -25.1534  -24.8583  -24.3238  -23.9651  -23.5405
 -23.3183  -22.4790  -22.0632  -21.6990  -21.5940  -21.2664  -21.2164  -21.1538
 -20.8913  -20.4673  -20.4164  -20.3700  -20.2094  -20.1413  -19.9427  -19.5580
 -19.4833  -19.1863  -18.9809  -18.6257  -18.5170  -18.2915  -18.2246  -18.0314
 -18.0034  -17.9269  -17.8811  -17.7567  -17.7318  -17.4519  -17.4249  -17.3668
 -17.3292  -16.9487  -16.7113  -16.6794  -16.6409  -16.5371  -16.4386  -16.3660
 -16.3168  -16.2644  -16.1332  -15.9699  -15.9439  -15.8950  -15.7868  -15.6679
 -15.4678  -15.3990  -15.3193  -15.2487  -15.1388  -14.9264  -14.8108  -14.7123
 -14.5501  -14.4288  -14.3649  -14.2941  -14.1731  -13.9715  -13.7901  -13.5625
 -13.5382  -13.5266  -13.2314  -13.0106  -12.5514  -11.6579  -11.1930  -11.0360
 -10.8153  -10.3687   -9.6874   -5.9243   -3.9722   -3.7678   -3.5118   -3.1699
  -2.7265   -2.3872   -1.7658   -1.6700   -1.4536   -1.4193   -1.3333   -1.3011
  -1.2774   -1.2544   -1.2051   -1.1918   -1.0655   -0.9571   -0.7251   -0.5544
  -0.5450   -0.4182   -0.1377   -0.0993   -0.0732   -0.0438   -0.0387    0.1617
   0.2020    0.2781    0.3798    0.4641    0.5039    0.6816    0.7234    0.7459
   0.7907    0.8408    0.9424    1.0497    1.0720    1.1394    1.1743    1.1882
   1.2345    1.2655    1.2934    1.3513    1.3973    1.5194    1.5422    1.5599
   1.6901    1.7892    1.8445    1.8782    1.8863    1.9121    1.9275    2.0202
   2.0743    2.1569    2.2193    2.3490    2.3640    2.4309    2.5408    2.5812
   2.6403    2.7529    2.7629    2.8222    2.9220    2.9943    3.0321    3.1703
   3.2184    3.2236    3.3693    3.4303    3.5387    3.5539    3.5984    3.6162
   3.6525    3.7224    3.8853    3.9343    3.9446    4.0452    4.1790    4.3557
   4.4315    4.5178    4.5185    5.3624

 Heat of formation   =        125.83237202 kcal/mol  (        5.45650111 eV)

 Total SCF energy    =    -184762.23478389 kcal/mol  (    -8011.89171258 eV)
 Electronic energy   =   -1678565.60008587 kcal/mol  (   -72788.06643623 eV)
 Core-core repulsion =    1493803.36530198 kcal/mol  (    64776.17472364 eV)
 
    Atomic Charges for Step       1 :
  Atom    Element       Mulliken Charge
     1      Cl                 0.061
     2      C                 -0.190
     3      N                  0.054
     4      O                 -0.214
     5      C                 -0.044
     6      N                  0.127
     7      O                 -0.044
     8      C                 -0.104
     9      O                 -0.297
    10      C                  0.024
    11      O                 -0.165
    12      C                  0.050
    13      O                 -0.261
    14      C                 -0.119
    15      O                 -0.141
    16      C                 -0.118
    17      O                 -0.144
    18      C                  0.283
    19      C                 -0.228
    20      C                 -0.015
    21      C                 -0.152
    22      C                  0.027
    23      C                 -0.014
    24      C                 -0.139
    25      C                  0.024
    26      C                  0.089
    27      C                 -0.428
    28      C                 -0.139
    29      C                  0.028
    30      C                 -0.169
    31      C                 -0.222
    32      C                  0.429
    33      C                 -0.138
    34      C                 -0.038
    35      C                 -0.100
    36      C                 -0.134
    37      C                 -0.103
    38      C                 -0.032
    39      C                 -0.049
    40      C                 -0.109
    41      C                  0.014
    42      C                  0.023
    43      C                 -0.097
    44      C                 -0.099
    45      C                 -0.119
    46      C                 -0.116
    47      H                  0.084
    48      H                  0.097
    49      H                  0.169
    50      H                  0.204
    51      H                  0.160
    52      H                  0.180
    53      H                  0.183
    54      H                  0.186
    55      H                  0.178
    56      H                  0.157
    57      H                  0.122
    58      H                  0.139
    59      H                  0.133
    60      H                  0.125
    61      H                  0.192
    62      H                  0.177
    63      H                  0.145
    64      H                  0.140
    65      H                  0.146
    66      H                  0.158
    67      H                  0.192
    68      H                  0.191
    69      H                  0.159
    70      H                  0.142
    71      H                  0.220
    72      H                  0.107
    73      H                  0.080
    74      H                  0.082
 Total Mulliken Charge =       1.000
 
                  X        Y        Z     TOTAL  
  QM DIPOLE    29.906  -32.277 -120.472  128.256
 
 Final Structure

  QMMM: QM Region Cartesian Coordinates (*=link atom) 
  QMMM: QM_NO.   MM_NO.  ATOM         X         Y         Z
  QMMM:     1        1      Cl       2.3982   -2.2178  -27.0030
  QMMM:     2        2      C       -0.7078   -6.1885  -29.9304
  QMMM:     3        3      N        8.0647   -2.0020  -28.0352
  QMMM:     4        4      O        3.0575   -4.6505  -28.6931
  QMMM:     5        5      C        0.2152   -5.5132  -30.8740
  QMMM:     6        6      N        4.7813   -5.7163  -22.4205
  QMMM:     7        7      O        5.3173   -6.9780  -25.1840
  QMMM:     8        8      C        1.4060   -4.9407  -30.3849
  QMMM:     9        9      O        2.6839   -7.7845  -20.5862
  QMMM:    10       10      C        1.6736   -5.0102  -28.9189
  QMMM:    11       11      O       -1.4274   -5.0865  -21.2426
  QMMM:    12       12      C        3.4234   -4.6985  -27.3624
  QMMM:    13       13      O        0.8938   -5.5688  -21.4433
  QMMM:    14       14      C        4.1293   -5.8162  -26.9218
  QMMM:    15       15      O       -4.7083   -7.6339  -34.5996
  QMMM:    16       16      C        4.6349   -5.8149  -25.6146
  QMMM:    17       17      O       -4.8971   -5.3772  -32.8041
  QMMM:    18       18      C        6.5855   -7.1903  -25.4380
  QMMM:    19       19      C        7.5700   -6.4214  -26.1111
  QMMM:    20       20      C        8.8382   -7.0385  -26.3024
  QMMM:    21       21      C        9.8625   -6.3592  -26.9400
  QMMM:    22       22      C        9.6676   -5.0506  -27.3973
  QMMM:    23       23      C        8.4251   -4.4236  -27.2083
  QMMM:    24       24      C        8.2258   -3.0919  -27.6632
  QMMM:    25       25      C        7.3802   -5.1017  -26.5744
  QMMM:    26       26      C        4.4062   -4.7769  -24.6936
  QMMM:    27       27      C        4.9083   -4.7422  -23.3558
  QMMM:    28       28      C        3.8272   -6.8413  -22.5368
  QMMM:    29       29      C        3.9335   -7.6488  -21.2074
  QMMM:    30       30      C        4.9626   -6.8697  -20.3597
  QMMM:    31       31      C        5.3958   -5.7376  -21.2357
  QMMM:    32       32      C       -0.2714   -5.3285  -21.3395
  QMMM:    33       33      C        3.7047   -3.6504  -25.1856
  QMMM:    34       34      C        3.2231   -3.5992  -26.4885
  QMMM:    35       35      C        2.2967   -4.3070  -31.2525
  QMMM:    36       36      C        2.0191   -4.2469  -32.6169
  QMMM:    37       37      C        0.8487   -4.8120  -33.1125
  QMMM:    38       38      C       -0.0618   -5.4396  -32.2495
  QMMM:    39       39      C       -1.2848   -6.0056  -32.8303
  QMMM:    40       40      C       -2.5320   -5.4329  -32.5370
  QMMM:    41       41      C       -3.6767   -5.9716  -33.1235
  QMMM:    42       42      C       -3.5857   -7.0700  -33.9980
  QMMM:    43       43      C       -5.9033   -6.9903  -34.2875
  QMMM:    44       44      C       -5.9905   -5.9433  -33.4549
  QMMM:    45       45      C       -2.3441   -7.6354  -34.2930
  QMMM:    46       46      C       -1.1998   -7.0942  -33.7056
  QMMM:    47       47      H        1.5113   -6.0510  -28.5276
  QMMM:    48       48      H        1.0156   -4.2890  -28.3629
  QMMM:    49       49      H        4.2882   -6.6696  -27.5983
  QMMM:    50       50      H        6.8742   -8.1939  -25.0251
  QMMM:    51       51      H        9.0054   -8.0690  -25.9439
  QMMM:    52       52      H       10.8409   -6.8480  -27.0901
  QMMM:    53       53      H       10.4884   -4.5118  -27.9047
  QMMM:    54       54      H        6.4105   -4.5893  -26.4348
  QMMM:    55       55      H        5.3601   -3.7987  -23.0073
  QMMM:    56       56      H        2.7875   -6.4291  -22.6693
  QMMM:    57       57      H        4.0891   -7.4780  -23.4198
  QMMM:    58       58      H        4.2648   -8.7035  -21.4054
  QMMM:    59       59      H        4.5000   -6.4889  -19.4129
  QMMM:    60       60      H        5.8344   -7.5139  -20.0842
  QMMM:    61       61      H        6.1190   -4.9748  -20.9288
  QMMM:    62       62      H        3.5340   -2.8046  -24.4974
  QMMM:    63       63      H        3.2193   -3.8540  -30.8576
  QMMM:    64       64      H        2.7230   -3.7485  -33.2999
  QMMM:    65       65      H        0.6250   -4.7642  -34.1899
  QMMM:    66       66      H       -2.6163   -4.5694  -31.8617
  QMMM:    67       67      H       -6.7293   -7.4755  -34.8242
  QMMM:    68       68      H       -6.9026   -5.3999  -33.1747
  QMMM:    69       69      H       -2.2818   -8.4912  -34.9803
  QMMM:    70       70      H       -0.2169   -7.5319  -33.9370
  QMMM:    71       71      H        2.3545   -6.9014  -20.3649
  QMMM:    72       72      H       -1.6702   -6.4719  -30.4239
  QMMM:    73       73      H       -0.9439   -5.5172  -29.0664
  QMMM:    74       74      H       -0.2340   -7.1216  -29.5320

           --------- Calculation Completed ----------

