#Res        AtomicFlx
   1.000       1.2190
   2.000       0.7873
   3.000       0.7209
   4.000       0.5673
   5.000       0.6638
   6.000       0.7769
   7.000       0.8455
   8.000       1.0856
   9.000       1.1148
  10.000       0.7915
  11.000       0.7042
  12.000       0.8062
  13.000       0.7180
  14.000       0.7860
  15.000       0.7261
  16.000       0.6671
  17.000       0.6657
  18.000       0.6372
  19.000       0.6773
  20.000       0.6990
  21.000       0.7092
  22.000       0.7873
  23.000       0.6855
  24.000       0.8227
  25.000       0.6238
  26.000       0.7755
  27.000       0.8967
  28.000       1.0468
  29.000       1.5394
  30.000       1.4322
  31.000       1.4053
  32.000       1.1611
  33.000       1.2816
  34.000       1.0485
  35.000       0.7867
  36.000       0.8171
  37.000       0.6969
  38.000       0.4757
  39.000       0.5331
  40.000       0.4894
  41.000       0.6799
  42.000       0.7815
  43.000       1.2208
  44.000       0.8323
  45.000       0.8466
  46.000       0.7442
  47.000       0.6224
  48.000       0.5462
  49.000       0.6844
  50.000       0.6829
  51.000       0.8006
  52.000       0.8900
  53.000       0.8881
  54.000       0.9377
  55.000       0.7968
  56.000       0.8794
  57.000       1.1073
  58.000       1.4356
  59.000       0.8236
  60.000       0.7141
  61.000       0.9160
  62.000       0.9378
  63.000       1.0408
  64.000       0.6413
  65.000       1.1038
  66.000       0.9269
  67.000       0.6371
  68.000       0.6903
  69.000       0.8066
  70.000       0.6581
  71.000       0.6895
  72.000       0.7588
  73.000       0.7505
  74.000       0.7525
  75.000       1.0350
  76.000       1.0551
  77.000       0.9312
  78.000       0.6099
  79.000       0.6459
  80.000       0.6121
  81.000       0.5778
  82.000       0.6033
  83.000       0.7352
  84.000       0.5664
  85.000       0.6031
  86.000       0.5857
  87.000       0.5500
  88.000       0.6248
  89.000       0.6551
  90.000       0.7027
  91.000       0.5121
  92.000       0.5560
  93.000       0.5367
  94.000       0.6522
  95.000       0.6617
  96.000       0.9835
  97.000       0.8498
  98.000       0.6532
  99.000       0.5905
 100.000       0.6177
 101.000       1.0718
 102.000       1.1033
 103.000       0.8872
 104.000       0.6233
 105.000       0.5438
 106.000       1.0927
 107.000       0.7199
 108.000       1.0296
 109.000       0.7413
 110.000       0.6688
 111.000       0.5860
 112.000       0.7773
 113.000       0.5247
 114.000       0.6678
 115.000       0.6034
 116.000       0.6683
 117.000       0.6511
 118.000       1.0544
 119.000       1.1062
 120.000       0.6908
 121.000       0.7802
 122.000       0.7582
 123.000       0.9029
 124.000       0.7809
 125.000       1.0440
 126.000       1.1117
 127.000       1.1409
 128.000       1.0192
 129.000       1.1704
 130.000       1.5272
 131.000       1.0646
 132.000       1.0037
 133.000       1.0413
 134.000       1.0313
 135.000       1.1337
 136.000       0.8032
 137.000       0.6112
 138.000       0.7031
 139.000       0.7727
 140.000       0.5716
 141.000       0.7347
 142.000       0.5754
 143.000       0.6855
 144.000       0.6660
 145.000       0.8209
 146.000       0.6465
 147.000       0.7369
 148.000       0.6356
 149.000       0.6267
 150.000       0.5583
 151.000       0.6685
 152.000       0.7807
 153.000       0.9586
 154.000       1.3445
 155.000       1.6860
 156.000       1.1567
 157.000       0.7310
 158.000       0.9318
 159.000       1.2946
 160.000       1.0986
 161.000       0.8372
 162.000       0.6275
 163.000       0.6514
 164.000       0.7007
 165.000       0.7891
 166.000       0.8549
 167.000       0.7873
 168.000       1.5521
 169.000       0.9541
 170.000       0.7931
 171.000       0.9726
 172.000       0.6372
 173.000       0.6519
 174.000       0.7628
 175.000       0.6058
 176.000       0.5289
 177.000       0.5292
 178.000       0.4747
 179.000       0.6383
 180.000       0.9278
 181.000       1.4751
 182.000       0.8975
 183.000       0.8096
 184.000       0.8740
 185.000       0.9467
 186.000       0.7657
 187.000       0.9347
 188.000       0.9505
 189.000       0.8723
 190.000       0.7451
 191.000       0.7483
 192.000       0.6588
 193.000       0.5497
 194.000       0.5414
 195.000       1.0639
 196.000       0.7439
 197.000       1.1175
 198.000       1.1445
 199.000       0.9503
 200.000       1.1814
 201.000       0.8690
 202.000       0.8228
 203.000       1.0820
 204.000       1.0476
 205.000       0.7783
 206.000       0.9257
 207.000       0.9054
 208.000       0.8110
 209.000       0.7164
 210.000       0.7649
 211.000       1.0880
 212.000       1.6078
 213.000       1.7725
